f:\cppworkspace\pe-parser\debug\pe-parser.pch
f:\cppworkspace\pe-parser\debug\vc142.pdb
f:\cppworkspace\pe-parser\debug\vc142.idb
f:\cppworkspace\pe-parser\debug\pch.obj
f:\cppworkspace\pe-parser\debug\pe-parserdlg.obj
f:\cppworkspace\pe-parser\debug\pe-parser.obj
f:\cppworkspace\pe-parser\debug\csectiondlg.obj
f:\cppworkspace\pe-parser\debug\creloctable.obj
f:\cppworkspace\pe-parser\debug\coptionaldlg.obj
f:\cppworkspace\pe-parser\debug\cimporttable.obj
f:\cppworkspace\pe-parser\debug\cfileheaderdlg.obj
f:\cppworkspace\pe-parser\debug\cexporttable.obj
f:\cppworkspace\pe-parser\debug\cdatadirectorydlg.obj
f:\cppworkspace\pe-parser\debug\pe-parser.exe
f:\cppworkspace\pe-parser\debug\pe-parser.ilk
f:\cppworkspace\pe-parser\debug\pe-parser.pdb
f:\cppworkspace\pe-parser\debug\peparser.res
f:\cppworkspace\pe-parser\debug\pe-parser.tlog\cl.command.1.tlog
f:\cppworkspace\pe-parser\debug\pe-parser.tlog\cl.read.1.tlog
f:\cppworkspace\pe-parser\debug\pe-parser.tlog\cl.write.1.tlog
f:\cppworkspace\pe-parser\debug\pe-parser.tlog\link.command.1.tlog
f:\cppworkspace\pe-parser\debug\pe-parser.tlog\link.read.1.tlog
f:\cppworkspace\pe-parser\debug\pe-parser.tlog\link.write.1.tlog
f:\cppworkspace\pe-parser\debug\pe-parser.tlog\rc.command.1.tlog
f:\cppworkspace\pe-parser\debug\pe-parser.tlog\rc.read.1.tlog
f:\cppworkspace\pe-parser\debug\pe-parser.tlog\rc.write.1.tlog
